# JRE version: Java(TM) SE Runtime Environment (14.0.2+12) (build 14.0.2+12-46)
# Java VM: Java HotSpot(TM) 64-Bit Server VM (14.0.2+12-46, mixed mode, sharing, tiered, compressed oops, g1 gc, windows-amd64)
Heap:
 garbage-first heap   total 89088K, used 36225K [0x00000000c1600000, 0x0000000100000000)
  region size 1024K, 5 young (5120K), 4 survivors (4096K)
 Metaspace       used 52109K, capacity 53728K, committed 54192K, reserved 1095680K
  class space    used 7167K, capacity 7775K, committed 7936K, reserved 1048576K
GC Heap History (20 events):
Event: 124145.269 GC heap before
{Heap before GC invocations=214 (full 0):
 garbage-first heap   total 89088K, used 71781K [0x00000000c1600000, 0x0000000100000000)
  region size 1024K, 45 young (46080K), 1 survivors (1024K)
 Metaspace       used 52090K, capacity 53698K, committed 54192K, reserved 1095680K
  class space    used 7164K, capacity 7770K, committed 7936K, reserved 1048576K
}
Event: 124145.274 GC heap after
{Heap after GC invocations=215 (full 0):
 garbage-first heap   total 89088K, used 30611K [0x00000000c1600000, 0x0000000100000000)
  region size 1024K, 4 young (4096K), 4 survivors (4096K)
 Metaspace       used 52090K, capacity 53698K, committed 54192K, reserved 1095680K
  class space    used 7164K, capacity 7770K, committed 7936K, reserved 1048576K
}
Event: 124904.833 GC heap before
{Heap before GC invocations=215 (full 0):
 garbage-first heap   total 89088K, used 72595K [0x00000000c1600000, 0x0000000100000000)
  region size 1024K, 45 young (46080K), 4 survivors (4096K)
 Metaspace       used 52090K, capacity 53698K, committed 54192K, reserved 1095680K
  class space    used 7164K, capacity 7770K, committed 7936K, reserved 1048576K
}
Event: 124904.838 GC heap after
{Heap after GC invocations=216 (full 0):
 garbage-first heap   total 89088K, used 30557K [0x00000000c1600000, 0x0000000100000000)
  region size 1024K, 3 young (3072K), 3 survivors (3072K)
 Metaspace       used 52090K, capacity 53698K, committed 54192K, reserved 1095680K
  class space    used 7164K, capacity 7770K, committed 7936K, reserved 1048576K
}
Event: 125585.860 GC heap before
{Heap before GC invocations=217 (full 0):
 garbage-first heap   total 89088K, used 73565K [0x00000000c1600000, 0x0000000100000000)
  region size 1024K, 45 young (46080K), 3 survivors (3072K)
 Metaspace       used 52071K, capacity 53668K, committed 54192K, reserved 1095680K
  class space    used 7162K, capacity 7765K, committed 7936K, reserved 1048576K
}
Event: 125585.869 GC heap after
{Heap after GC invocations=218 (full 0):
 garbage-first heap   total 89088K, used 31084K [0x00000000c1600000, 0x0000000100000000)
  region size 1024K, 4 young (4096K), 4 survivors (4096K)
 Metaspace       used 52071K, capacity 53668K, committed 54192K, reserved 1095680K
  class space    used 7162K, capacity 7765K, committed 7936K, reserved 1048576K
}
Event: 125796.830 GC heap before
{Heap before GC invocations=218 (full 0):
 garbage-first heap   total 89088K, used 73068K [0x00000000c1600000, 0x0000000100000000)
  region size 1024K, 46 young (47104K), 4 survivors (4096K)
 Metaspace       used 52090K, capacity 53698K, committed 54192K, reserved 1095680K
  class space    used 7164K, capacity 7770K, committed 7936K, reserved 1048576K
}
Event: 125796.848 GC heap after
{Heap after GC invocations=219 (full 0):
 garbage-first heap   total 89088K, used 33896K [0x00000000c1600000, 0x0000000100000000)
  region size 1024K, 4 young (4096K), 4 survivors (4096K)
 Metaspace       used 52090K, capacity 53698K, committed 54192K, reserved 1095680K
  class space    used 7164K, capacity 7770K, committed 7936K, reserved 1048576K
}
Event: 126505.521 GC heap before
{Heap before GC invocations=220 (full 0):
 garbage-first heap   total 89088K, used 71784K [0x00000000c1600000, 0x0000000100000000)
  region size 1024K, 42 young (43008K), 4 survivors (4096K)
 Metaspace       used 52090K, capacity 53698K, committed 54192K, reserved 1095680K
  class space    used 7164K, capacity 7770K, committed 7936K, reserved 1048576K
}
Event: 126505.566 GC heap after
{Heap after GC invocations=221 (full 0):
 garbage-first heap   total 89088K, used 33082K [0x00000000c1600000, 0x0000000100000000)
  region size 1024K, 4 young (4096K), 4 survivors (4096K)
 Metaspace       used 52090K, capacity 53698K, committed 54192K, reserved 1095680K
  class space    used 7164K, capacity 7770K, committed 7936K, reserved 1048576K
}
Event: 127229.831 GC heap before
{Heap before GC invocations=221 (full 0):
 garbage-first heap   total 89088K, used 73018K [0x00000000c1600000, 0x0000000100000000)
  region size 1024K, 43 young (44032K), 4 survivors (4096K)
 Metaspace       used 52090K, capacity 53698K, committed 54192K, reserved 1095680K
  class space    used 7164K, capacity 7770K, committed 7936K, reserved 1048576K
}
Event: 127229.916 GC heap after
{Heap after GC invocations=222 (full 0):
 garbage-first heap   total 89088K, used 33167K [0x00000000c1600000, 0x0000000100000000)
  region size 1024K, 4 young (4096K), 4 survivors (4096K)
 Metaspace       used 52090K, capacity 53698K, committed 54192K, reserved 1095680K
  class space    used 7164K, capacity 7770K, committed 7936K, reserved 1048576K
}
Event: 127474.363 GC heap before
{Heap before GC invocations=223 (full 0):
 garbage-first heap   total 89088K, used 72079K [0x00000000c1600000, 0x0000000100000000)
  region size 1024K, 44 young (45056K), 4 survivors (4096K)
 Metaspace       used 52079K, capacity 53680K, committed 54192K, reserved 1095680K
  class space    used 7163K, capacity 7767K, committed 7936K, reserved 1048576K
}
Event: 127474.379 GC heap after
{Heap after GC invocations=224 (full 0):
 garbage-first heap   total 89088K, used 34596K [0x00000000c1600000, 0x0000000100000000)
  region size 1024K, 6 young (6144K), 6 survivors (6144K)
 Metaspace       used 52079K, capacity 53680K, committed 54192K, reserved 1095680K
  class space    used 7163K, capacity 7767K, committed 7936K, reserved 1048576K
}
Event: 128326.033 GC heap before
{Heap before GC invocations=224 (full 0):
 garbage-first heap   total 89088K, used 71460K [0x00000000c1600000, 0x0000000100000000)
  region size 1024K, 43 young (44032K), 6 survivors (6144K)
 Metaspace       used 52086K, capacity 53692K, committed 54192K, reserved 1095680K
  class space    used 7164K, capacity 7769K, committed 7936K, reserved 1048576K
}
Event: 128326.136 GC heap after
{Heap after GC invocations=225 (full 0):
 garbage-first heap   total 89088K, used 33382K [0x00000000c1600000, 0x0000000100000000)
  region size 1024K, 4 young (4096K), 4 survivors (4096K)
 Metaspace       used 52086K, capacity 53692K, committed 54192K, reserved 1095680K
  class space    used 7164K, capacity 7769K, committed 7936K, reserved 1048576K
}
Event: 208963.793 GC heap before
{Heap before GC invocations=226 (full 0):
 garbage-first heap   total 89088K, used 72294K [0x00000000c1600000, 0x0000000100000000)
  region size 1024K, 43 young (44032K), 4 survivors (4096K)
 Metaspace       used 52098K, capacity 53710K, committed 54192K, reserved 1095680K
  class space    used 7166K, capacity 7772K, committed 7936K, reserved 1048576K
}
Event: 208963.812 GC heap after
{Heap after GC invocations=227 (full 0):
 garbage-first heap   total 89088K, used 35198K [0x00000000c1600000, 0x0000000100000000)
  region size 1024K, 3 young (3072K), 3 survivors (3072K)
 Metaspace       used 52098K, capacity 53710K, committed 54192K, reserved 1095680K
  class space    used 7166K, capacity 7772K, committed 7936K, reserved 1048576K
}
Event: 209556.882 GC heap before
{Heap before GC invocations=227 (full 0):
 garbage-first heap   total 89088K, used 72062K [0x00000000c1600000, 0x0000000100000000)
  region size 1024K, 40 young (40960K), 3 survivors (3072K)
 Metaspace       used 52109K, capacity 53728K, committed 54192K, reserved 1095680K
  class space    used 7167K, capacity 7775K, committed 7936K, reserved 1048576K
}
Event: 209556.929 GC heap after
{Heap after GC invocations=228 (full 0):
 garbage-first heap   total 89088K, used 36225K [0x00000000c1600000, 0x0000000100000000)
  region size 1024K, 4 young (4096K), 4 survivors (4096K)
 Metaspace       used 52109K, capacity 53728K, committed 54192K, reserved 1095680K
  class space    used 7167K, capacity 7775K, committed 7936K, reserved 1048576K
}

